test.obj : error LNK2019: 无法解析的外部符号 _InitConyact，函数 _main 中引用了该符号
D:\c\task\通讯录\Debug\通讯录.exe : fatal error LNK1120: 1 个无法解析的外部命令
